<?xml version="1.0" encoding="UTF-8"?>
<robot generator="Robot 6.1 (Python 3.11.4 on darwin)" generated="20230711 15:32:36.869" rpa="false" schemaversion="4">
<suite id="s1" name="Testcases" source="/Users/apple/Documents/Demoqa_robotframework/testcases/Testcases.robot">
<test id="s1-t1" name="Verify the checkbox of element section" line="14">
<kw name="open googlechrome browser" library="common" type="SETUP">
<kw name="Open Browser" library="SeleniumLibrary">
<arg>about:blank</arg>
<arg>gc</arg>
<doc>Opens a new browser instance to the optional ``url``.</doc>
<msg timestamp="20230711 15:32:37.325" level="INFO">Opening browser 'gc' to base url 'about:blank'.</msg>
<msg timestamp="20230711 15:32:37.325" level="INFO">Executing: /usr/local/lib/python3.11/site-packages/selenium/webdriver/common/macos/selenium-manager --browser chrome --output json</msg>
<status status="PASS" starttime="20230711 15:32:37.324" endtime="20230711 15:32:40.073"/>
</kw>
<kw name="Maximize Browser Window" library="SeleniumLibrary">
<doc>Maximizes current browser window.</doc>
<status status="PASS" starttime="20230711 15:32:40.073" endtime="20230711 15:32:40.489"/>
</kw>
<status status="PASS" starttime="20230711 15:32:37.324" endtime="20230711 15:32:40.489"/>
</kw>
<kw name="navigate to demoqa" library="common">
<kw name="Go To" library="SeleniumLibrary">
<arg>${demoqa_url}</arg>
<doc>Navigates the current browser window to the provided ``url``.</doc>
<msg timestamp="20230711 15:32:40.490" level="INFO">Opening url 'https://demoqa.com/elements'</msg>
<status status="PASS" starttime="20230711 15:32:40.490" endtime="20230711 15:32:45.253"/>
</kw>
<status status="PASS" starttime="20230711 15:32:40.489" endtime="20230711 15:32:45.253"/>
</kw>
<kw name="navigate to checkbox section" library="keyword_checkbox">
<kw name="Wait Until Page Contains Element" library="SeleniumLibrary">
<arg>${Elements_checkbox}</arg>
<doc>Waits until the element ``locator`` appears on the current page.</doc>
<status status="PASS" starttime="20230711 15:32:45.254" endtime="20230711 15:32:45.276"/>
</kw>
<kw name="Click Element" library="SeleniumLibrary">
<arg>${Elements_checkbox}</arg>
<doc>Click the element identified by ``locator``.</doc>
<msg timestamp="20230711 15:32:45.277" level="INFO">Clicking element 'xpath=//*[@class='text'][text()='Check Box']'.</msg>
<status status="PASS" starttime="20230711 15:32:45.276" endtime="20230711 15:32:45.368"/>
</kw>
<kw name="Wait Until Page Contains Element" library="SeleniumLibrary">
<arg>${Header_Checkbox}</arg>
<doc>Waits until the element ``locator`` appears on the current page.</doc>
<status status="PASS" starttime="20230711 15:32:45.368" endtime="20230711 15:32:45.385"/>
</kw>
<status status="PASS" starttime="20230711 15:32:45.253" endtime="20230711 15:32:45.385"/>
</kw>
<kw name="clicking the checkbox" library="keyword_checkbox">
<kw name="Click Element" library="SeleniumLibrary">
<arg>${C_Checkbox}</arg>
<doc>Click the element identified by ``locator``.</doc>
<msg timestamp="20230711 15:32:45.386" level="INFO">Clicking element 'xpath=//label[@for='tree-node-home']//span[@class='rct-checkbox']'.</msg>
<status status="PASS" starttime="20230711 15:32:45.386" endtime="20230711 15:32:45.451"/>
</kw>
<kw name="Click Element" library="SeleniumLibrary">
<arg>${C_Checkbox_tree}</arg>
<doc>Click the element identified by ``locator``.</doc>
<msg timestamp="20230711 15:32:45.452" level="INFO">Clicking element 'xpath=//button[@title='Toggle']//*[name()='svg']'.</msg>
<status status="PASS" starttime="20230711 15:32:45.451" endtime="20230711 15:32:45.510"/>
</kw>
<kw name="Sleep" library="BuiltIn">
<arg>2s</arg>
<doc>Pauses the test executed for the given time.</doc>
<msg timestamp="20230711 15:32:47.510" level="INFO">Slept 2 seconds</msg>
<status status="PASS" starttime="20230711 15:32:45.510" endtime="20230711 15:32:47.510"/>
</kw>
<kw name="Checkbox Should Be Selected" library="SeleniumLibrary">
<arg>${C_checkbox_desktop}</arg>
<doc>Verifies checkbox ``locator`` is selected/checked.</doc>
<msg timestamp="20230711 15:32:47.511" level="INFO">Verifying checkbox 'xpath=//label[@for='tree-node-desktop']//*[@id='tree-node-desktop']' is selected.</msg>
<status status="PASS" starttime="20230711 15:32:47.511" endtime="20230711 15:32:47.554"/>
</kw>
<kw name="Checkbox Should Be Selected" library="SeleniumLibrary">
<arg>${C_checkbox_documents}</arg>
<doc>Verifies checkbox ``locator`` is selected/checked.</doc>
<msg timestamp="20230711 15:32:47.555" level="INFO">Verifying checkbox 'xpath=//label[@for='tree-node-documents']//*[@id='tree-node-documents']' is selected.</msg>
<status status="PASS" starttime="20230711 15:32:47.554" endtime="20230711 15:32:47.587"/>
</kw>
<status status="PASS" starttime="20230711 15:32:45.385" endtime="20230711 15:32:47.587"/>
</kw>
<kw name="close web browser" library="common" type="TEARDOWN">
<kw name="Close Browser" library="SeleniumLibrary">
<doc>Closes the current browser.</doc>
<status status="PASS" starttime="20230711 15:32:47.588" endtime="20230711 15:32:47.953"/>
</kw>
<status status="PASS" starttime="20230711 15:32:47.588" endtime="20230711 15:32:47.953"/>
</kw>
<tag>checkbox</tag>
<status status="PASS" starttime="20230711 15:32:37.322" endtime="20230711 15:32:47.953"/>
</test>
<status status="PASS" starttime="20230711 15:32:36.870" endtime="20230711 15:32:47.956"/>
</suite>
<statistics>
<total>
<stat pass="1" fail="0" skip="0">All Tests</stat>
</total>
<tag>
<stat pass="1" fail="0" skip="0">checkbox</stat>
</tag>
<suite>
<stat pass="1" fail="0" skip="0" id="s1" name="Testcases">Testcases</stat>
</suite>
</statistics>
<errors>
</errors>
</robot>
